Command line:
   mips_tb_isim_beh.exe
     -simmode  gui
     -simrunnum  0
     -socket  51229

Wed Dec 23 00:11:59 2020


 Elaboration Time: 0.125 sec

 Current Memory Usage: 5818.73 Meg

 Total Signals          : 425
 Total Nets             : 2732
 Total Signal Drivers   : 157
 Total Blocks           : 23
 Total Primitive Blocks : 18
 Total Processes        : 174
 Total Traceable Variables  : 94
 Total Scalar Nets and Variables : 269649
Total Line Count : 418

 Total Simulation Time: 0.28125 sec

 Current Memory Usage: 4717.69 Meg

Wed Dec 23 00:28:38 2020

