Command line:
   BlockChedker_tb_isim_beh.exe
     -simmode  gui
     -simrunnum  0
     -socket  51841

Fri Oct 30 20:40:11 2020


 Elaboration Time: 0.125 sec

 Current Memory Usage: 5814.26 Meg

 Total Signals          : 18
 Total Nets             : 24
 Total Signal Drivers   : 9
 Total Blocks           : 3
 Total Primitive Blocks : 2
 Total Processes        : 14
 Total Traceable Variables  : 23
 Total Scalar Nets and Variables : 120
Total Line Count : 232

 Total Simulation Time: 0.75 sec

 Current Memory Usage: 4713.23 Meg

Fri Oct 30 20:42:40 2020

