Command line:
   mips.exe
     -simmode  tcl
     -simrunnum  0
     -socket  51340

Wed Dec 23 00:36:58 2020


 Elaboration Time: 0.0625 sec

 Current Memory Usage: 5636.41 Meg

 Total Signals          : 412
 Total Nets             : 2719
 Total Signal Drivers   : 152
 Total Blocks           : 22
 Total Primitive Blocks : 17
 Total Processes        : 168
 Total Traceable Variables  : 75
 Total Scalar Nets and Variables : 269524
Total Line Count : 0

 Total Simulation Time: 0.9375 sec

 Current Memory Usage: 5636.41 Meg

Wed Dec 23 00:36:59 2020

