ISim log file
Running: D:\ISE\gswp7\mips_tb_isim_beh.exe -intstyle ise -gui -tclbatch isim.cmd -wdb D:/ISE/gswp7/mips_tb_isim_beh.wdb 
ISim P.20131013 (signature 0x7708f090)
WARNING: A WEBPACK license was found.
WARNING: Please use Xilinx License Configuration Manager to check out a full ISim license.
WARNING: ISim will run in Lite mode. Please refer to the ISim documentation for more information on the differences between the Lite and the Full version.
This is a Lite version of ISim.
Time resolution is 1 ps
# onerror resume
# wave add /
# run 1000 ns
Simulator is doing circuit initialization process.
Finished circuit initialization process.
                  55@00003000: $ 1 <= 0000fc01
                  75@00003008: $ 1 <= 000000e9
                  85@0000300c: $ 2 <= 000000e9
                  95@00003010: $ 3 <= 000000e9
                 105@00003014: $ 4 <= 000000e9
                 115@00003018: $ 5 <= 000000e9
                 125@0000301c: $ 6 <= 000000e9
                 135@00003020: $ 7 <= 000000e9
                 145@00003024: $ 8 <= 000000e9
                 155@00003028: $ 9 <= 000000e9
                 165@0000302c: $10 <= 000000e9
                 175@00003030: $11 <= 000000e9
                 185@00003034: $12 <= 000000e9
                 195@00003038: $13 <= 000000e9
                 205@0000303c: $14 <= 000000e9
                 215@00003040: $15 <= 000000e9
                 225@00003044: $16 <= 000000e9
                 235@00003048: $17 <= 000000e9
                 245@0000304c: $18 <= 000000e9
                 255@00003050: $19 <= 000000e9
                 265@00003054: $20 <= 000000e9
                 275@00003058: $21 <= 000000e9
                 285@0000305c: $22 <= 000000e9
                 295@00003060: $23 <= 000000e9
                 305@00003064: $24 <= 000000e9
                 315@00003068: $25 <= 000000e9
                 325@0000306c: $26 <= 000000e9
                 335@00003070: $27 <= 000000e9
                 345@00003074: $28 <= 000000e9
                 355@00003078: $29 <= 000000e9
                 365@0000307c: $30 <= 000000e9
                 375@00003080: $31 <= 000000e9
                 385@00003084: $ 4 <= 000030a0
                 395@00003088: $ 5 <= 0000309c
                 405@0000308c: $ 5 <= 0000309d
                 435@00003094: $ 5 <= 0000309e
                 485@00004180: $15 <= 0000fc03
                 495@00004184: $15 <= 00001010
                 505@00004188: $15 <= 0000309c
                 515@0000418c: $15 <= 000030a0
                 655@000030a0: $ 5 <= 0000309f
                 665@000030a4: $ 4 <= 000030bc
                 665@000030a8: *00000000 <= 000000e9
                 685@000030ac: $ 8 <= 000001d2
                 695@000030b0: $ 8 <= 000000e9
                 745@00004180: $15 <= 0000fc03
                 755@00004184: $15 <= 00001000
                 765@00004188: $15 <= 000030b4
                 775@0000418c: $15 <= 000030bc
                 985@000030d8: $ 4 <= 000030ec
                 995@000030dc: $ 8 <= 00000000
ISim P.20131013 (signature 0x7708f090)
WARNING: A WEBPACK license was found.
WARNING: Please use Xilinx License Configuration Manager to check out a full ISim license.
WARNING: ISim will run in Lite mode. Please refer to the ISim documentation for more information on the differences between the Lite and the Full version.
This is a Lite version of ISim.
# run 1000 ns
Simulator is doing circuit initialization process.
Finished circuit initialization process.
                  55@00003000: $ 1 <= 0000fc01
                  75@00003008: $ 1 <= 000000e9
                  85@0000300c: $ 2 <= 000000e9
                  95@00003010: $ 3 <= 000000e9
                 105@00003014: $ 4 <= 000000e9
                 115@00003018: $ 5 <= 000000e9
                 125@0000301c: $ 6 <= 000000e9
                 135@00003020: $ 7 <= 000000e9
                 145@00003024: $ 8 <= 000000e9
                 155@00003028: $ 9 <= 000000e9
                 165@0000302c: $10 <= 000000e9
                 175@00003030: $11 <= 000000e9
                 185@00003034: $12 <= 000000e9
                 195@00003038: $13 <= 000000e9
                 205@0000303c: $14 <= 000000e9
                 215@00003040: $15 <= 000000e9
                 225@00003044: $16 <= 000000e9
                 235@00003048: $17 <= 000000e9
                 245@0000304c: $18 <= 000000e9
                 255@00003050: $19 <= 000000e9
                 265@00003054: $20 <= 000000e9
                 275@00003058: $21 <= 000000e9
                 285@0000305c: $22 <= 000000e9
                 295@00003060: $23 <= 000000e9
                 305@00003064: $24 <= 000000e9
                 315@00003068: $25 <= 000000e9
                 325@0000306c: $26 <= 000000e9
                 335@00003070: $27 <= 000000e9
                 345@00003074: $28 <= 000000e9
                 355@00003078: $29 <= 000000e9
                 365@0000307c: $30 <= 000000e9
                 375@00003080: $31 <= 000000e9
                 385@00003084: $ 4 <= 000030a0
                 395@00003088: $ 5 <= 0000309c
                 405@0000308c: $ 5 <= 0000309d
                 435@00003094: $ 5 <= 0000309e
                 485@00004180: $15 <= 0000fc03
                 495@00004184: $15 <= 00001010
                 505@00004188: $15 <= 0000309c
                 515@0000418c: $15 <= 000030a0
                 655@000030a0: $ 5 <= 0000309f
                 665@000030a4: $ 4 <= 000030bc
                 665@000030a8: *00000000 <= 000000e9
                 685@000030ac: $ 8 <= 000001d2
                 695@000030b0: $ 8 <= 000000e9
                 745@00004180: $15 <= 0000fc03
                 755@00004184: $15 <= 00001000
                 765@00004188: $15 <= 000030b4
                 775@0000418c: $15 <= 000030bc
                 985@000030d8: $ 4 <= 000030ec
                 995@000030dc: $ 8 <= 00000000
