Command line:
   BlockChecker_isim_beh.exe
     -simmode  gui
     -simrunnum  0
     -socket  51338

Fri Oct 30 20:15:23 2020


 Elaboration Time: 0.09375 sec

 Current Memory Usage: 5813.83 Meg

 Total Signals          : 17
 Total Nets             : 24
 Total Signal Drivers   : 6
 Total Blocks           : 2
 Total Primitive Blocks : 2
 Total Processes        : 9
 Total Traceable Variables  : 20
 Total Scalar Nets and Variables : 109
Total Line Count : 82

 Total Simulation Time: 0.09375 sec

 Current Memory Usage: 5813.83 Meg

Fri Oct 30 20:15:26 2020

