Running: F:\ISE\14.7\ISE_DS\ISE\bin\nt64\unwrapped\fuse.exe -intstyle ise -incremental -lib unisims_ver -lib unimacro_ver -lib xilinxcorelib_ver -o D:/ISE/p5/mips_tb_isim_beh.exe -prj D:/ISE/p5/mips_tb_beh.prj work.mips_tb work.glbl 
ISim P.20131013 (signature 0x7708f090)
Number of CPUs detected in this system: 8
Turning on mult-threading, number of parallel sub-compilation jobs: 16 
Determining compilation order of HDL files
Analyzing Verilog file "D:/ISE/p5/zhuanfa.v" into library work
Analyzing Verilog file "D:/ISE/p5/RF_EX.v" into library work
Analyzing Verilog file "D:/ISE/p5/IM_RF.v" into library work
Analyzing Verilog file "D:/ISE/p5/IFU.v" into library work
Analyzing Verilog file "D:/ISE/p5/GRF.v" into library work
Analyzing Verilog file "D:/ISE/p5/EX_DM.v" into library work
Analyzing Verilog file "D:/ISE/p5/DM_WB.v" into library work
Analyzing Verilog file "D:/ISE/p5/DM.v" into library work
Analyzing Verilog file "D:/ISE/p5/decode.v" into library work
Analyzing Verilog file "D:/ISE/p5/another.v" into library work
Analyzing Verilog file "D:/ISE/p5/ALU.v" into library work
Analyzing Verilog file "D:/ISE/p5/mips.v" into library work
Analyzing Verilog file "D:/ISE/p5/mips_tb.v" into library work
Analyzing Verilog file "F:/ISE/14.7/ISE_DS/ISE//verilog/src/glbl.v" into library work
Starting static elaboration
WARNING:HDLCompiler:1016 - "D:/ISE/p5/mips.v" Line 133: Port rsyuanEX is not connected to this instance
WARNING:HDLCompiler:1016 - "D:/ISE/p5/mips.v" Line 216: Port rsyuanRF is not connected to this instance
WARNING:HDLCompiler:1016 - "D:/ISE/p5/mips.v" Line 288: Port rsyuanRF is not connected to this instance
Completed static elaboration
Compiling module IFU
Compiling module IM_RF
Compiling module decode
Compiling module GRF
Compiling module zhuanfa
Compiling module another
Compiling module RF_EX
Compiling module ALU
Compiling module EX_DM
Compiling module DM
Compiling module DM_WB
Compiling module mips
Compiling module mips_tb
Compiling module glbl
Time Resolution for simulation is 1ps.
Waiting for 1 sub-compilation(s) to finish...
Compiled 14 Verilog Units
Built simulation executable D:/ISE/p5/mips_tb_isim_beh.exe
Fuse Memory Usage: 30168 KB
Fuse CPU Usage: 452 ms
