ISim log file
Running: D:\ISE\p5\mips_tb_isim_beh.exe -intstyle ise -gui -tclbatch isim.cmd -wdb D:/ISE/p5/mips_tb_isim_beh.wdb 
INFO: There is another simulation running in the same directory. Using database file name isim1.wdb.
ISim P.20131013 (signature 0x7708f090)
WARNING: A WEBPACK license was found.
WARNING: Please use Xilinx License Configuration Manager to check out a full ISim license.
WARNING: ISim will run in Lite mode. Please refer to the ISim documentation for more information on the differences between the Lite and the Full version.
This is a Lite version of ISim.
Time resolution is 1 ps
# onerror resume
# wave add /
# run 1000 ns
Simulator is doing circuit initialization process.
Finished circuit initialization process.
                  50@00003000: $16 <= 00000068
                  50@00003004: *00000004 <= 00000068
                  70@00003008: $16 <= 0000000c
                  70@0000300c: *00000008 <= 0000000c
                  90@00003010: $16 <= 0000005c
                  90@00003014: *0000000c <= 0000005c
                 110@00003018: $16 <= 00000050
                 110@0000301c: *00000010 <= 00000050
                 130@00003020: $16 <= 0000004c
                 130@00003024: *00000014 <= 0000004c
                 150@00003028: $16 <= 00000044
                 150@0000302c: *00000018 <= 00000044
                 170@00003030: $16 <= 00000038
                 170@00003034: *0000001c <= 00000038
                 190@00003038: $16 <= 0000006c
                 190@0000303c: *00000020 <= 0000006c
                 210@00003040: $16 <= 00000040
                 210@00003044: *00000024 <= 00000040
                 230@00003048: $16 <= 00000004
                 230@0000304c: *00000028 <= 00000004
                 250@00003050: $16 <= 00000010
                 250@00003054: *0000002c <= 00000010
                 270@00003058: $16 <= 00000074
                 270@0000305c: *00000030 <= 00000074
                 290@00003060: $16 <= 0000001c
                 290@00003064: *00000034 <= 0000001c
                 310@00003068: $16 <= 00000060
                 310@0000306c: *00000038 <= 00000060
                 330@00003070: $16 <= 0000002c
                 330@00003074: *0000003c <= 0000002c
                 350@00003078: $16 <= 00000008
                 350@0000307c: *00000040 <= 00000008
                 370@00003080: $16 <= 00000014
                 370@00003084: *00000044 <= 00000014
                 390@00003088: $16 <= 00000028
                 390@0000308c: *00000048 <= 00000028
                 410@00003090: $16 <= 00000058
                 410@00003094: *0000004c <= 00000058
                 430@00003098: $16 <= 00000048
                 430@0000309c: *00000050 <= 00000048
                 450@000030a0: $16 <= 00000020
                 450@000030a4: *00000054 <= 00000020
                 470@000030a8: $16 <= 00000064
                 470@000030ac: *00000058 <= 00000064
                 490@000030b0: $16 <= 00000034
                 490@000030b4: *0000005c <= 00000034
                 510@000030b8: $16 <= 00000078
                 510@000030bc: *00000060 <= 00000078
                 530@000030c0: $16 <= 00000018
                 530@000030c4: *00000064 <= 00000018
                 550@000030c8: $16 <= 0000003c
                 550@000030cc: *00000068 <= 0000003c
                 570@000030d0: $16 <= 00000054
                 570@000030d4: *0000006c <= 00000054
                 590@000030d8: $16 <= 00000070
                 590@000030dc: *00000070 <= 00000070
                 610@000030e0: $16 <= 00000030
                 610@000030e4: *00000074 <= 00000030
                 630@000030e8: $16 <= 00000024
                 630@000030ec: *00000078 <= 00000024
                 650@000030f0: $ 1 <= 00005b25
                 660@000030f4: $ 2 <= 00005b25
                 670@000030f8: $ 3 <= 00005b25
                 680@000030fc: $ 4 <= 00005b25
                 690@00003100: $ 5 <= 00005b25
                 700@00003104: $ 6 <= 00005b25
                 710@00003108: $ 7 <= 00005b25
                 720@0000310c: $ 8 <= 00005b25
                 730@00003110: $ 9 <= 00005b25
                 740@00003114: $10 <= 00005b25
                 750@00003118: $11 <= 00005b25
                 760@0000311c: $12 <= 00005b25
                 770@00003120: $13 <= 00005b25
                 780@00003124: $14 <= 00005b25
                 790@00003128: $15 <= 00005b25
                 800@0000312c: $16 <= 00005b25
                 810@00003130: $17 <= 00005b25
                 820@00003134: $18 <= 00005b25
                 830@00003138: $19 <= 00005b25
                 840@0000313c: $20 <= 00005b25
                 850@00003140: $21 <= 00005b25
                 860@00003144: $22 <= 00005b25
                 870@00003148: $23 <= 00005b25
                 880@0000314c: $24 <= 00005b25
                 890@00003150: $25 <= 00005b25
                 900@00003154: $26 <= 00005b25
                 910@00003158: $27 <= 00005b25
                 920@0000315c: $28 <= 00005b25
                 930@00003160: $29 <= 00005b25
                 940@00003164: $30 <= 00005b25
                 950@00003168: $31 <= 00005b25
                 960@0000316c: $ 8 <= 00000008
                 970@00003170: $10 <= ffffd000
                 980@00003174: $31 <= 0000000c
                 990@00003178: $31 <= 0000005c
# run 1.00us
                1010@0000317c: $31 <= 00000034
                1030@00003180: $31 <= 0000001c
                1050@00003184: $31 <= 00000038
                1070@00003188: $31 <= 00000060
                1090@0000318c: $31 <= 00000000
                1100@00003190: $31 <= 00000000
                1120@00003194: $31 <= 00000000
                1140@00003198: $31 <= 00000000
                1160@0000319c: $31 <= 00000000
                1170@000031a0: *00001000 <= 00000000
                1190@000031a4: $31 <= 00000004
                1200@000031a8: $31 <= 00000068
                1220@000031ac: $31 <= 0000003c
                1240@000031b0: $31 <= 0000002c
                1260@000031b4: $31 <= 00000010
                1280@000031b8: $31 <= 00000018
                1290@000031bc: $31 <= 0000000c
                1300@000031c0: $31 <= 0000005c
                1320@000031c4: $31 <= 00000034
                1340@000031c8: $31 <= 0000001c
                1360@000031cc: $31 <= 00000038
                1380@000031d0: $31 <= 00000040
                1390@000031d4: $31 <= 00000000
                1400@000031d8: $31 <= 00000000
                1420@000031dc: $31 <= 00000000
                1440@000031e0: $31 <= 00000000
                1460@000031e4: $31 <= 00000000
                1490@000031ec: *00001000 <= 00000000
                1510@000031f4: $31 <= 00000018
                1520@000031f8: $31 <= 00000044
                1540@000031fc: $31 <= 00000014
                1560@00003200: $31 <= 0000004c
                1580@00003204: $31 <= 00000058
                1610@0000320c: *00001058 <= 00000058
                1630@00003214: $31 <= 00000010
                1640@00003218: $31 <= 00000050
                1660@0000321c: $31 <= 00000048
                1680@00003220: $31 <= 00000028
                1700@00003224: $31 <= 00000004
                1740@0000322c: $31 <= 0000000c
                1750@00003230: $31 <= 0000005c
                1770@00003234: $31 <= 00000004
                1780@00003238: $31 <= 00000068
                1800@0000323c: $31 <= 0000003c
                1820@00003240: $31 <= 0000002c
                1840@00003244: $31 <= 00000010
                1880@0000324c: $31 <= 00000018
                1890@00003250: $31 <= 00000044
                1910@00003254: $31 <= 00000004
                1920@00003258: $31 <= 00000068
                1940@0000325c: $31 <= 0000003c
                1960@00003260: $31 <= 0000002c
                1980@00003264: $31 <= 00000010
                2000@00003268: $ 9 <= 00000010
# run 1.00us
                2030@00003270: $31 <= 00000018
                2040@00003278: $31 <= 0000000c
                2050@0000327c: $31 <= 0000005c
                2070@00003280: $31 <= 00000034
                2090@00003284: $31 <= 0000001c
                2110@00003288: $31 <= 00000038
                2130@0000328c: $ 9 <= 00000038
                2150@00003294: *00001038 <= 00000038
                2170@0000329c: $31 <= 0000000c
                2180@000032a0: $31 <= 0000005c
                2200@000032a4: $31 <= 00000034
                2220@000032a8: $31 <= 0000001c
                2240@000032ac: $31 <= 00000038
                2260@000032b0: $ 9 <= 00000039
                2290@000032b8: $31 <= 00000060
                2310@000032bc: $31 <= 00000068
                2320@000032c0: $31 <= 00000018
                2330@000032c4: $31 <= 00000044
                2350@000032c8: $31 <= 00000014
                2370@000032cc: $31 <= 0000004c
                2390@000032d0: $31 <= 00000058
                2410@000032d4: $ 9 <= 00000059
                2440@000032dc: $31 <= 0000005c
                2450@000032e0: $31 <= 00000064
                2460@000032e4: $31 <= 0000001c
                2470@000032e8: $31 <= 00000038
                2490@000032ec: $31 <= 00000060
                2510@000032f0: $31 <= 00000078
                2530@000032f4: $31 <= 00000024
                2550@000032f8: $31 <= 00000028
                2560@000032fc: $31 <= 0000000c
                2570@00003300: $31 <= 0000005c
                2590@00003304: $31 <= 00000034
                2610@00003308: $31 <= 0000001c
                2630@0000330c: $31 <= 00000038
                2650@00003310: $31 <= 00003320
                2670@00003318: *00001320 <= 00003320
                2690@00003320: $31 <= 00000014
                2700@00003324: $31 <= 0000004c
                2720@00003328: $31 <= 00000058
                2740@0000332c: $31 <= 00000064
                2760@00003330: $31 <= 00000018
                2780@00003334: $31 <= 00003344
                2810@0000333c: $31 <= 00000000
                2830@00003344: $31 <= 0000001c
                2840@00003348: $31 <= 00000038
                2860@0000334c: $31 <= 00000060
                2880@00003350: $31 <= 00000078
                2900@00003354: $31 <= 00000024
                2920@00003358: $31 <= 00003368
                2940@0000335c: $11 <= 00003364
                2950@00003360: $31 <= 00000000
                2970@00003368: $31 <= 00000008
                2980@0000336c: $31 <= 0000000c
                3000@00003370: $31 <= 0000005c
