Command line:
   mips.exe
     -simmode  tcl
     -simrunnum  0
     -socket  51937

Fri Dec 25 18:17:39 2020


 Elaboration Time: 0.1875 sec

 Current Memory Usage: 5803.14 Meg

 Total Signals          : 944
 Total Nets             : 3578
 Total Signal Drivers   : 667
 Total Blocks           : 20
 Total Primitive Blocks : 17
 Total Processes        : 245
 Total Traceable Variables  : 73
 Total Scalar Nets and Variables : 268171
Total Line Count : 0

 Total Simulation Time: 3.82813 sec

 Current Memory Usage: 5803.14 Meg

Fri Dec 25 18:17:43 2020

